{"/Users/cambriadeveloper/cognito-admin/app/javascript/hello/hello_react.jsx": {"path":"/Users/cambriadeveloper/cognito-admin/app/javascript/hello/hello_react.jsx","statementMap":{"0":{"start":{"line":6,"column":4},"end":{"line":6,"column":40}},"1":{"start":{"line":9,"column":0},"end":{"line":11,"column":2}},"2":{"start":{"line":12,"column":0},"end":{"line":14,"column":2}}},"fnMap":{"0":{"name":"(anonymous_0)","decl":{"start":{"line":5,"column":2},"end":{"line":5,"column":3}},"loc":{"start":{"line":5,"column":11},"end":{"line":7,"column":3}},"line":5}},"branchMap":{},"s":{"0":2,"1":1,"2":1},"f":{"0":2},"b":{},"_coverageSchema":"332fd63041d2c1bcb487cc26dd0d5f7d97098a6c","hash":"0c61945b0646601529b8966c2ef2fb205432a3db"}
,"/Users/cambriadeveloper/cognito-admin/app/javascript/testing/setupTests.js": {"path":"/Users/cambriadeveloper/cognito-admin/app/javascript/testing/setupTests.js","statementMap":{"0":{"start":{"line":5,"column":0},"end":{"line":5,"column":38}}},"fnMap":{},"branchMap":{},"s":{"0":1},"f":{},"b":{},"_coverageSchema":"332fd63041d2c1bcb487cc26dd0d5f7d97098a6c","hash":"252892b169bb7f3b43274d733482293d502d22f4"}
}
