{
  "RSpec": {
    "coverage": {
      "/Users/cambriadeveloper/cognito-admin/spec/controllers/users_controller_spec.rb": [
        null,
        null,
        1,
        null,
        1,
        1,
        1,
        1,
        null,
        null,
        1,
        1,
        1,
        null,
        null,
        null
      ],
      "/Users/cambriadeveloper/cognito-admin/spec/rails_helper.rb": [
        null,
        null,
        null,
        1,
        1,
        1,
        1,
        1,
        null,
        null,
        1,
        1,
        null,
        1,
        1,
        null,
        null,
        null,
        null,
        null,
        null,
        null,
        null,
        null,
        null,
        null,
        null,
        null,
        null,
        null,
        null,
        null,
        null,
        null,
        1,
        null,
        1,
        null,
        1,
        null,
        null,
        null,
        null,
        1,
        null,
        null,
        null,
        null,
        null,
        null,
        null,
        null,
        null,
        null,
        null,
        null,
        null,
        null,
        1,
        null,
        null,
        1,
        null,
        null,
        null,
        null,
        1,
        1,
        1,
        0,
        null,
        1
      ],
      "/Users/cambriadeveloper/cognito-admin/config/environment.rb": [
        null,
        1,
        null,
        null,
        1
      ],
      "/Users/cambriadeveloper/cognito-admin/config/application.rb": [
        1,
        null,
        1,
        null,
        null,
        null,
        1,
        null,
        1,
        1,
        null,
        1,
        null,
        null,
        null,
        null,
        null,
        null,
        null
      ],
      "/Users/cambriadeveloper/cognito-admin/config/boot.rb": [
        1,
        null,
        1,
        1
      ],
      "/Users/cambriadeveloper/cognito-admin/config/spring.rb": [
        null,
        null,
        null,
        null,
        null,
        5
      ],
      "/Users/cambriadeveloper/cognito-admin/config/environments/test.rb": [
        1,
        null,
        null,
        null,
        null,
        null,
        null,
        1,
        null,
        null,
        null,
        null,
        1,
        null,
        null,
        1,
        1,
        null,
        null,
        null,
        null,
        1,
        1,
        null,
        null,
        1,
        null,
        null,
        1,
        null,
        null,
        1,
        null,
        1,
        null,
        null,
        null,
        null,
        1,
        null,
        null,
        1,
        null,
        null,
        null,
        null
      ],
      "/Users/cambriadeveloper/cognito-admin/config/initializers/application_controller_renderer.rb": [
        null,
        null,
        null,
        null,
        null,
        null,
        null,
        null
      ],
      "/Users/cambriadeveloper/cognito-admin/config/initializers/assets.rb": [
        null,
        null,
        null,
        1,
        null,
        null,
        null,
        null,
        1,
        null,
        null,
        null,
        null,
        null
      ],
      "/Users/cambriadeveloper/cognito-admin/config/initializers/backtrace_silencers.rb": [
        null,
        null,
        null,
        null,
        null,
        null,
        null
      ],
      "/Users/cambriadeveloper/cognito-admin/config/initializers/content_security_policy.rb": [
        null,
        null,
        null,
        null,
        null,
        null,
        null,
        null,
        null,
        null,
        null,
        null,
        null,
        null,
        null,
        null,
        null,
        null,
        null,
        null,
        null,
        null,
        null,
        null,
        null
      ],
      "/Users/cambriadeveloper/cognito-admin/config/initializers/cookies_serializer.rb": [
        null,
        null,
        null,
        null,
        1
      ],
      "/Users/cambriadeveloper/cognito-admin/config/initializers/filter_parameter_logging.rb": [
        null,
        null,
        null,
        1
      ],
      "/Users/cambriadeveloper/cognito-admin/config/initializers/inflections.rb": [
        null,
        null,
        null,
        null,
        null,
        null,
        null,
        null,
        null,
        null,
        null,
        null,
        null,
        null,
        null,
        null
      ],
      "/Users/cambriadeveloper/cognito-admin/config/initializers/mime_types.rb": [
        null,
        null,
        null,
        null
      ],
      "/Users/cambriadeveloper/cognito-admin/config/initializers/wrap_parameters.rb": [
        null,
        null,
        null,
        null,
        null,
        null,
        1,
        2,
        null,
        null,
        null,
        null,
        null,
        null
      ],
      "/Users/cambriadeveloper/cognito-admin/config/routes.rb": [
        1,
        1,
        null,
        null
      ],
      "/Users/cambriadeveloper/cognito-admin/app/helpers/application_helper.rb": [
        null,
        null,
        1,
        null
      ],
      "/Users/cambriadeveloper/cognito-admin/app/helpers/users_helper.rb": [
        null,
        null,
        1,
        null
      ],
      "/Users/cambriadeveloper/cognito-admin/app/controllers/users_controller.rb": [
        null,
        null,
        1,
        1,
        null
      ],
      "/Users/cambriadeveloper/cognito-admin/app/controllers/application_controller.rb": [
        null,
        null,
        1,
        null
      ]
    },
    "timestamp": 1524761878
  }
}
